开始转换……
小程序路径:  /Users/mark/Documents/Code/lps/wx/jdkj-wx-v2
搜索到267个文件(含目录)，耗时：44ms

开始分析文件
分析文件信息完成，共46组数据
开始转换文件组为vue文件
转换进度: 1 / 92   fileKey：app
转换进度: 2 / 92   fileKey：components/Dialog/dialog
转换进度: 3 / 92   fileKey：components/guides/guides
[WARN] 文件 images/sj.png 不存在，但仍然对路径进行转换为相对于static目录，运行时需注意！   fileKey: components/guides/guides
[WARN] 文件 images/jsq.png 不存在，但仍然对路径进行转换为相对于static目录，运行时需注意！   fileKey: components/guides/guides
[WARN] 文件 images/bg.png 不存在，但仍然对路径进行转换为相对于static目录，运行时需注意！   fileKey: components/guides/guides
[WARN] 文件 images/zz.png 不存在，但仍然对路径进行转换为相对于static目录，运行时需注意！   fileKey: components/guides/guides
转换进度: 4 / 92   fileKey：components/header/header
转换进度: 5 / 92   fileKey：components/kefuservice/kefuservice
转换进度: 6 / 92   fileKey：components/listmessage/listmessage
转换进度: 7 / 92   fileKey：components/loading/loading
转换进度: 8 / 92   fileKey：components/mainproduct/mainproduct
转换进度: 9 / 92   fileKey：components/rotation/rotation
转换进度: 10 / 92   fileKey：components/webviewpage/webviewpage
转换进度: 11 / 92   fileKey：constant/common
转换进度: 12 / 92   fileKey：constant/config
转换进度: 13 / 92   fileKey：model/mainindex
转换进度: 14 / 92   fileKey：model/mine
转换进度: 15 / 92   fileKey：pages/category/category
转换进度: 16 / 92   fileKey：pages/digitallist/digitallist
转换进度: 17 / 92   fileKey：pages/digitalordersteps/digitalordersteps
转换进度: 18 / 92   fileKey：pages/index/index
转换进度: 19 / 92   fileKey：pages/mine/allorders/allorders
[WARN] 文件 images/noneorder.png 不存在，但仍然对路径进行转换为相对于static目录，运行时需注意！   fileKey: pages/mine/allorders/allorders
转换进度: 20 / 92   fileKey：pages/mine/orderdetails/orderdetail
转换进度: 21 / 92   fileKey：pages/mine/per/binding/binding
[WARN] 文件 images/LOGO.png 不存在，但仍然对路径进行转换为相对于static目录，运行时需注意！   fileKey: pages/mine/per/binding/binding
转换进度: 22 / 92   fileKey：pages/mine/per/per
[WARN] 文件 images/LOGO.png 不存在，但仍然对路径进行转换为相对于static目录，运行时需注意！   fileKey: pages/mine/per/per
转换进度: 23 / 92   fileKey：pages/mine/per/updateinfo/updateinfo
转换进度: 24 / 92   fileKey：pages/mine/route/route
转换进度: 25 / 92   fileKey：pages/mine/user
转换进度: 26 / 92   fileKey：pages/mulitSendOut/mulitSendOut
转换进度: 27 / 92   fileKey：pages/onlineexpress/onlineexpress

[Tip] 检测到组件picker的mode为 region ，在App和H5里未实现，已使用组件region-picker进行替换。
                    虽然已替换，但仍需注意picker在<form/>组件里面的取值问题(可能在formSubmit拿不address，需手动调整)。
                    详情请参阅相关文档, file: pages/onlineexpress/onlineexpress
转换进度: 28 / 92   fileKey：pages/orderpage/orderpage
[WARN] 文件 pages/orderpage/images/demo.png 不存在，但仍然对路径进行转换为相对于static目录，运行时需注意！   fileKey: pages/orderpage/orderpage
转换进度: 29 / 92   fileKey：pages/placeordersteps/placeordersteps
转换进度: 30 / 92   fileKey：pages/questionguide/questionguide
转换进度: 31 / 92   fileKey：pages/recycleguide/recycleguide
[WARN] 文件 images/use_pic.jpg 不存在，但仍然对路径进行转换为相对于static目录，运行时需注意！   fileKey: pages/recycleguide/recycleguide
转换进度: 32 / 92   fileKey：pages/returngoods/returngoods
转换进度: 33 / 92   fileKey：pages/search/search
转换进度: 34 / 92   fileKey：pages/sellerexpress/sellerexpress
转换进度: 35 / 92   fileKey：pages/servicerule/servicerule
转换进度: 36 / 92   fileKey：pages/showcountprice/showcountprice
转换进度: 37 / 92   fileKey：pages/testReport/checktestimg/checktestimg
转换进度: 38 / 92   fileKey：pages/testReport/testReport
转换进度: 39 / 92   fileKey：project.config
转换进度: 40 / 92   fileKey：project.private.config
转换进度: 41 / 92   fileKey：sitemap
转换进度: 42 / 92   fileKey：utils/fileter
转换进度: 43 / 92   fileKey：utils/http-promise
转换进度: 44 / 92   fileKey：utils/modelList
转换进度: 45 / 92   fileKey：utils/tips
转换进度: 46 / 92   fileKey：utils/util
开始二次遍历及生成vue文件
[ERROR]template没有找到这个wxml   is=UI-toast    fileKey: pages/testReport/testReport
write pages.json success!
write manifest.json success!
write main.js success!
write package.json success!


统计信息：

Component数量: 9
Page数量: 24
支付api数量: 0
登录api数量: 9
chooseMedia数量: 0
getLocation数量: 0
getRelationNodes数量: 0
<ad/>数量: 0
<map/>数量: 0
<video/>数量: 0
Vant组件: ， 数量：0

项目转换完成！
用时: 24.29s
工具版本：v2.2.3
在该小程序项目的同级目录可以看到_uni结尾的项目，即是转换好的uniapp项目，相关日志在该目录里。

使用说明：
    1.因各种原因，本工具并非100%完美转换！部分语法仍需人工处理！
    2.工具转换原理及说明文档参考：https://l4rz4zwpx7.k.topthink.com/@kmrvzg72lx/
    3.如遇运行报错，请添加QQ群(五群：536178289)带图反馈或https://github.com/zhangdaren/miniprogram-to-uniapp提交Issue！
    4.转换后请查阅_uni目录或_uni-cli目录里的 README.md 和 transform.log


